[    0.000000] Initializing cgroup subsys cpuset
[    0.000000] Initializing cgroup subsys cpu
[    0.000000] Initializing cgroup subsys cpuacct
[    0.000000] Linux version 4.4.0-170-generic (buildd@lcy01-amd64-019) (gcc version 5.4.0 20160609 (Ubuntu 5.4.0-6ubuntu1~16.04.12) ) #199-Ubuntu SMP Thu Nov 14 01:45:04 UTC 2019 (Ubuntu 4.4.0-170.199-generic 4.4.200)
[    0.000000] Command line: BOOT_IMAGE=/boot/vmlinuz-4.4.0-170-generic root=UUID=28d3c93b-5156-41e4-82a5-4e94379b3b48 ro console=tty1 console=ttyS0
[    0.000000] KERNEL supported cpus:
[    0.000000]   Intel GenuineIntel
[    0.000000]   AMD AuthenticAMD
[    0.000000]   Centaur CentaurHauls
[    0.000000] x86/fpu: xstate_offset[2]:  576, xstate_sizes[2]:  256
[    0.000000] x86/fpu: Supporting XSAVE feature 0x01: 'x87 floating point registers'
[    0.000000] x86/fpu: Supporting XSAVE feature 0x02: 'SSE registers'
[    0.000000] x86/fpu: Supporting XSAVE feature 0x04: 'AVX registers'
[    0.000000] x86/fpu: Enabled xstate features 0x7, context size is 832 bytes, using 'standard' format.
[    0.000000] e820: BIOS-provided physical RAM map:
[    0.000000] BIOS-e820: [mem 0x0000000000000000-0x000000000009fbff] usable
[    0.000000] BIOS-e820: [mem 0x000000000009fc00-0x000000000009ffff] reserved
[    0.000000] BIOS-e820: [mem 0x00000000000f0000-0x00000000000fffff] reserved
[    0.000000] BIOS-e820: [mem 0x0000000000100000-0x000000003ffeffff] usable
[    0.000000] BIOS-e820: [mem 0x000000003fff0000-0x000000003fffffff] ACPI data
[    0.000000] BIOS-e820: [mem 0x00000000fec00000-0x00000000fec00fff] reserved
[    0.000000] BIOS-e820: [mem 0x00000000fee00000-0x00000000fee00fff] reserved
[    0.000000] BIOS-e820: [mem 0x00000000fffc0000-0x00000000ffffffff] reserved
[    0.000000] NX (Execute Disable) protection: active
[    0.000000] SMBIOS 2.5 present.
[    0.000000] Hypervisor detected: KVM
[    0.000000] e820: last_pfn = 0x3fff0 max_arch_pfn = 0x400000000
[    0.000000] MTRR: Disabled
[    0.000000] x86/PAT: MTRRs disabled, skipping PAT initialization too.
[    0.000000] CPU MTRRs all blank - virtualized system.
[    0.000000] x86/PAT: Configuration [0-7]: WB  WT  UC- UC  WB  WT  UC- UC  
[    0.000000] found SMP MP-table at [mem 0x0009fff0-0x0009ffff] mapped at [ffff88000009fff0]
[    0.000000] Scanning 1 areas for low memory corruption
[    0.000000] RAMDISK: [mem 0x361e2000-0x370e8fff]
[    0.000000] ACPI: Early table checksum verification disabled
[    0.000000] ACPI: RSDP 0x00000000000E0000 000024 (v02 VBOX  )
[    0.000000] ACPI: XSDT 0x000000003FFF0030 00003C (v01 VBOX   VBOXXSDT 00000001 ASL  00000061)
[    0.000000] ACPI: FACP 0x000000003FFF00F0 0000F4 (v04 VBOX   VBOXFACP 00000001 ASL  00000061)
[    0.000000] ACPI: DSDT 0x000000003FFF0470 0022EA (v02 VBOX   VBOXBIOS 00000002 INTL 20100528)
[    0.000000] ACPI: FACS 0x000000003FFF0200 000040
[    0.000000] ACPI: FACS 0x000000003FFF0200 000040
[    0.000000] ACPI: APIC 0x000000003FFF0240 00005C (v02 VBOX   VBOXAPIC 00000001 ASL  00000061)
[    0.000000] ACPI: SSDT 0x000000003FFF02A0 0001CC (v01 VBOX   VBOXCPUT 00000002 INTL 20100528)
[    0.000000] No NUMA configuration found
[    0.000000] Faking a node at [mem 0x0000000000000000-0x000000003ffeffff]
[    0.000000] NODE_DATA(0) allocated [mem 0x3ffeb000-0x3ffeffff]
[    0.000000] kvm-clock: Using msrs 4b564d01 and 4b564d00
[    0.000000] kvm-clock: cpu 0, msr 0:3ffe3001, primary cpu clock
[    0.000000] kvm-clock: using sched offset of 7266149043 cycles
[    0.000000] clocksource: kvm-clock: mask: 0xffffffffffffffff max_cycles: 0x1cd42e4dffb, max_idle_ns: 881590591483 ns
[    0.000000] Zone ranges:
[    0.000000]   DMA      [mem 0x0000000000001000-0x0000000000ffffff]
[    0.000000]   DMA32    [mem 0x0000000001000000-0x000000003ffeffff]
[    0.000000]   Normal   empty
[    0.000000]   Device   empty
[    0.000000] Movable zone start for each node
[    0.000000] Early memory node ranges
[    0.000000]   node   0: [mem 0x0000000000001000-0x000000000009efff]
[    0.000000]   node   0: [mem 0x0000000000100000-0x000000003ffeffff]
[    0.000000] Initmem setup node 0 [mem 0x0000000000001000-0x000000003ffeffff]
[    0.000000] ACPI: PM-Timer IO Port: 0x4008
[    0.000000] IOAPIC[0]: apic_id 2, version 32, address 0xfec00000, GSI 0-23
[    0.000000] ACPI: INT_SRC_OVR (bus 0 bus_irq 0 global_irq 2 dfl dfl)
[    0.000000] ACPI: INT_SRC_OVR (bus 0 bus_irq 9 global_irq 9 low level)
[    0.000000] Using ACPI (MADT) for SMP configuration information
[    0.000000] smpboot: Allowing 2 CPUs, 0 hotplug CPUs
[    0.000000] PM: Registered nosave memory: [mem 0x00000000-0x00000fff]
[    0.000000] PM: Registered nosave memory: [mem 0x0009f000-0x0009ffff]
[    0.000000] PM: Registered nosave memory: [mem 0x000a0000-0x000effff]
[    0.000000] PM: Registered nosave memory: [mem 0x000f0000-0x000fffff]
[    0.000000] e820: [mem 0x40000000-0xfebfffff] available for PCI devices
[    0.000000] Booting paravirtualized kernel on KVM
[    0.000000] clocksource: refined-jiffies: mask: 0xffffffff max_cycles: 0xffffffff, max_idle_ns: 7645519600211568 ns
[    0.000000] setup_percpu: NR_CPUS:512 nr_cpumask_bits:512 nr_cpu_ids:2 nr_node_ids:1
[    0.000000] PERCPU: Embedded 33 pages/cpu @ffff88003fc00000 s95448 r8192 d31528 u1048576
[    0.000000] Built 1 zonelists in Node order, mobility grouping on.  Total pages: 257912
[    0.000000] Policy zone: DMA32
[    0.000000] Kernel command line: BOOT_IMAGE=/boot/vmlinuz-4.4.0-170-generic root=UUID=28d3c93b-5156-41e4-82a5-4e94379b3b48 ro console=tty1 console=ttyS0
[    0.000000] PID hash table entries: 4096 (order: 3, 32768 bytes)
[    0.000000] Memory: 997168K/1048120K available (8626K kernel code, 1336K rwdata, 4036K rodata, 1488K init, 1288K bss, 50952K reserved, 0K cma-reserved)
[    0.000000] SLUB: HWalign=64, Order=0-3, MinObjects=0, CPUs=2, Nodes=1
[    0.000000] Kernel/User page tables isolation: enabled
[    0.000000] Hierarchical RCU implementation.
[    0.000000] 	Build-time adjustment of leaf fanout to 64.
[    0.000000] 	RCU restricting CPUs from NR_CPUS=512 to nr_cpu_ids=2.
[    0.000000] RCU: Adjusting geometry for rcu_fanout_leaf=64, nr_cpu_ids=2
[    0.000000] NR_IRQS:33024 nr_irqs:440 16
[    0.000000] Console: colour VGA+ 80x25
[    0.000000] console [tty1] enabled
[    0.000000] console [ttyS0] enabled
[    0.000000] tsc: Detected 1992.000 MHz processor
[    0.369918] Calibrating delay loop (skipped) preset value.. 3984.00 BogoMIPS (lpj=7968000)
[    0.373842] pid_max: default: 32768 minimum: 301
[    0.376286] ACPI: Core revision 20150930
[    0.382200] ACPI: 2 ACPI AML tables successfully acquired and loaded
[    0.385253] Security Framework initialized
[    0.387714] Yama: becoming mindful.
[    0.389412] AppArmor: AppArmor initialized
[    0.391394] Dentry cache hash table entries: 131072 (order: 8, 1048576 bytes)
[    0.400225] Inode-cache hash table entries: 65536 (order: 7, 524288 bytes)
[    0.403110] Mount-cache hash table entries: 2048 (order: 2, 16384 bytes)
[    0.405927] Mountpoint-cache hash table entries: 2048 (order: 2, 16384 bytes)
[    0.409573] Initializing cgroup subsys io
[    0.411529] Initializing cgroup subsys memory
[    0.413932] Initializing cgroup subsys devices
[    0.416135] Initializing cgroup subsys freezer
[    0.418293] Initializing cgroup subsys net_cls
[    0.425887] Initializing cgroup subsys perf_event
[    0.429627] Initializing cgroup subsys net_prio
[    0.431786] Initializing cgroup subsys hugetlb
[    0.434095] Initializing cgroup subsys pids
[    0.438333] mce: CPU supports 0 MCE banks
[    0.440298] Last level iTLB entries: 4KB 64, 2MB 8, 4MB 8
[    0.442555] Last level dTLB entries: 4KB 64, 2MB 0, 4MB 0, 1GB 4
[    0.445797] Spectre V1 : Mitigation: usercopy/swapgs barriers and __user pointer sanitization
[    0.450723] Spectre V2 : Mitigation: Full generic retpoline
[    0.453008] Spectre V2 : Spectre v2 / SpectreRSB mitigation: Filling RSB on context switch
[    0.456908] Speculative Store Bypass: Vulnerable
[    0.459217] MDS: Vulnerable: Clear CPU buffers attempted, no microcode
[    0.468024] Freeing SMP alternatives memory: 36K
[    0.483149] ftrace: allocating 32302 entries in 127 pages
[    0.640996] smpboot: APIC(0) Converting physical 0 to logical package 0
[    0.645052] smpboot: Max logical packages: 1
[    0.648084] x2apic enabled
[    0.651064] Switched APIC routing to physical x2apic.
[    0.657046] ..TIMER: vector=0x30 apic1=0 pin1=2 apic2=-1 pin2=-1
[    0.768727] smpboot: CPU0: Intel(R) Core(TM) i3-6006U CPU @ 2.00GHz (family: 0x6, model: 0x4e, stepping: 0x3)
[    0.773201] Performance Events: unsupported p6 CPU model 78 no PMU driver, software events only.
[    0.801158] KVM setup paravirtual spinlock
[    0.804459] x86: Booting SMP configuration:
[    0.806434] .... node  #0, CPUs:      #1
[    0.808205] kvm-clock: cpu 1, msr 0:3ffe3041, secondary cpu clock
[    0.812918] mce: CPU supports 0 MCE banks
[    0.816255] x86: Booted up 1 node, 2 CPUs
[    0.819193] smpboot: Total of 2 processors activated (7968.00 BogoMIPS)
[    0.823014] devtmpfs: initialized
[    0.828363] evm: security.selinux
[    0.830175] evm: security.SMACK64
[    0.831905] evm: security.SMACK64EXEC
[    0.833887] evm: security.SMACK64TRANSMUTE
[    0.836444] evm: security.SMACK64MMAP
[    0.838731] evm: security.ima
[    0.840565] evm: security.capability
[    0.842813] clocksource: jiffies: mask: 0xffffffff max_cycles: 0xffffffff, max_idle_ns: 7645041785100000 ns
[    0.847692] futex hash table entries: 512 (order: 3, 32768 bytes)
[    0.850961] pinctrl core: initialized pinctrl subsystem
[    0.853851] RTC time: 15:28:13, date: 12/20/19
[    0.856643] NET: Registered protocol family 16
[    0.870133] cpuidle: using governor ladder
[    0.881239] cpuidle: using governor menu
[    0.883289] PCCT header not found.
[    0.885524] ACPI: bus type PCI registered
[    0.887700] acpiphp: ACPI Hot Plug PCI Controller Driver version: 0.5
[    0.890603] PCI: Using configuration type 1 for base access
[    0.907285] ACPI: Added _OSI(Module Device)
[    0.909589] ACPI: Added _OSI(Processor Device)
[    0.911892] ACPI: Added _OSI(3.0 _SCP Extensions)
[    0.914138] ACPI: Added _OSI(Processor Aggregator Device)
[    0.918579] ACPI: Executed 1 blocks of module-level executable AML code
[    0.926278] ACPI: Interpreter enabled
[    0.928344] ACPI: (supports S0 S5)
[    0.930335] ACPI: Using IOAPIC for interrupt routing
[    0.932882] PCI: Using host bridge windows from ACPI; if necessary, use "pci=nocrs" and report a bug
[    0.944881] ACPI: PCI Root Bridge [PCI0] (domain 0000 [bus 00-ff])
[    0.947837] acpi PNP0A03:00: _OSC: OS supports [ASPM ClockPM Segments MSI]
[    0.951832] acpi PNP0A03:00: _OSC: not requesting OS control; OS requires [ExtendedConfig ASPM ClockPM MSI]
[    0.956102] acpi PNP0A03:00: fail to add MMCONFIG information, can't access extended PCI configuration space under this bridge.
[    0.962219] PCI host bridge to bus 0000:00
[    0.964151] pci_bus 0000:00: root bus resource [io  0x0000-0x0cf7 window]
[    0.967559] pci_bus 0000:00: root bus resource [io  0x0d00-0xffff window]
[    0.970508] pci_bus 0000:00: root bus resource [mem 0x000a0000-0x000bffff window]
[    0.973871] pci_bus 0000:00: root bus resource [mem 0x40000000-0xfdffffff window]
[    0.977548] pci_bus 0000:00: root bus resource [bus 00-ff]
[    0.993745] pci 0000:00:01.1: legacy IDE quirk: reg 0x10: [io  0x01f0-0x01f7]
[    0.998006] pci 0000:00:01.1: legacy IDE quirk: reg 0x14: [io  0x03f6]
[    1.003868] pci 0000:00:01.1: legacy IDE quirk: reg 0x18: [io  0x0170-0x0177]
[    1.009725] pci 0000:00:01.1: legacy IDE quirk: reg 0x1c: [io  0x0376]
[    1.120403] pci 0000:00:07.0: quirk: [io  0x4000-0x403f] claimed by PIIX4 ACPI
[    1.125690] pci 0000:00:07.0: quirk: [io  0x4100-0x410f] claimed by PIIX4 SMB
[    1.146644] ACPI: PCI Interrupt Link [LNKA] (IRQs 5 9 10 *11)
[    1.150332] ACPI: PCI Interrupt Link [LNKB] (IRQs 5 9 *10 11)
[    1.154777] ACPI: PCI Interrupt Link [LNKC] (IRQs 5 *9 10 11)
[    1.159572] ACPI: PCI Interrupt Link [LNKD] (IRQs 5 9 10 *11)
[    1.163102] ACPI: Enabled 2 GPEs in block 00 to 07
[    1.165909] vgaarb: setting as boot device: PCI:0000:00:02.0
[    1.168961] vgaarb: device added: PCI:0000:00:02.0,decodes=io+mem,owns=io+mem,locks=none
[    1.173088] vgaarb: loaded
[    1.174780] vgaarb: bridge control possible 0000:00:02.0
[    1.178851] SCSI subsystem initialized
[    1.180793] ACPI: bus type USB registered
[    1.182718] usbcore: registered new interface driver usbfs
[    1.184913] usbcore: registered new interface driver hub
[    1.189001] usbcore: registered new device driver usb
[    1.197375] PCI: Using ACPI for IRQ routing
[    1.199851] NetLabel: Initializing
[    1.201433] NetLabel:  domain hash size = 128
[    1.204309] NetLabel:  protocols = UNLABELED CIPSOv4
[    1.207468] NetLabel:  unlabeled traffic allowed by default
[    1.211104] amd_nb: Cannot enumerate AMD northbridges
[    1.213490] clocksource: Switched to clocksource kvm-clock
[    1.239854] AppArmor: AppArmor Filesystem Enabled
[    1.242528] pnp: PnP ACPI init
[    1.246886] pnp: PnP ACPI: found 3 devices
[    1.256167] clocksource: acpi_pm: mask: 0xffffff max_cycles: 0xffffff, max_idle_ns: 2085701024 ns
[    1.261782] NET: Registered protocol family 2
[    1.263968] TCP established hash table entries: 8192 (order: 4, 65536 bytes)
[    1.267276] TCP bind hash table entries: 8192 (order: 5, 131072 bytes)
[    1.273926] TCP: Hash tables configured (established 8192 bind 8192)
[    1.277215] UDP hash table entries: 512 (order: 2, 16384 bytes)
[    1.279665] UDP-Lite hash table entries: 512 (order: 2, 16384 bytes)
[    1.282194] NET: Registered protocol family 1
[    1.284200] pci 0000:00:00.0: Limiting direct PCI/PCI transfers
[    1.289112] pci 0000:00:01.0: Activating ISA DMA hang workarounds
[    1.291876] Unpacking initramfs...
[    1.850778] Freeing initrd memory: 15388K
[    1.853732] clocksource: tsc: mask: 0xffffffffffffffff max_cycles: 0x396d519840e, max_idle_ns: 881590569543 ns
[    1.857655] platform rtc_cmos: registered platform RTC device (no PNP device found)
[    1.861466] Scanning for low memory corruption every 60 seconds
[    1.864963] audit: initializing netlink subsys (disabled)
[    1.868005] audit: type=2000 audit(1576855702.821:1): initialized
[    1.871540] Initialise system trusted keyring
[    1.875283] HugeTLB registered 2 MB page size, pre-allocated 0 pages
[    1.880873] zbud: loaded
[    1.883352] VFS: Disk quotas dquot_6.6.0
[    1.886178] VFS: Dquot-cache hash table entries: 512 (order 0, 4096 bytes)
[    1.891656] squashfs: version 4.0 (2009/01/31) Phillip Lougher
[    1.894737] fuse init (API version 7.23)
[    1.897201] Key type big_key registered
[    1.899521] Allocating IMA MOK and blacklist keyrings.
[    1.905079] Key type asymmetric registered
[    1.906994] Asymmetric key parser 'x509' registered
[    1.909112] Block layer SCSI generic (bsg) driver version 0.4 loaded (major 249)
[    1.912925] io scheduler noop registered
[    1.914858] io scheduler deadline registered (default)
[    1.917929] io scheduler cfq registered
[    1.920372] pci_hotplug: PCI Hot Plug PCI Core version: 0.5
[    1.922893] pciehp: PCI Express Hot Plug Controller Driver version: 0.4
[    1.925803] ACPI: AC Adapter [AC] (off-line)
[    1.927801] input: Power Button as /devices/LNXSYSTM:00/LNXPWRBN:00/input/input0
[    1.931421] ACPI: Power Button [PWRF]
[    1.933408] input: Sleep Button as /devices/LNXSYSTM:00/LNXSLPBN:00/input/input1
[    1.938108] ACPI: Sleep Button [SLPF]
[    1.940242] GHES: HEST is not enabled!
[    1.941915] ACPI: Battery Slot [BAT0] (battery present)
[    1.944515] Serial: 8250/16550 driver, 32 ports, IRQ sharing enabled
[    1.969131] 00:02: ttyS0 at I/O 0x3f8 (irq = 4, base_baud = 115200) is a 16550A
[    1.976060] Linux agpgart interface v0.103
[    1.988495] loop: module loaded
[    1.992301] scsi host0: ata_piix
[    1.994536] scsi host1: ata_piix
[    1.996756] ata1: PATA max UDMA/33 cmd 0x1f0 ctl 0x3f6 bmdma 0xd000 irq 14
[    2.000270] ata2: PATA max UDMA/33 cmd 0x170 ctl 0x376 bmdma 0xd008 irq 15
[    2.004384] libphy: Fixed MDIO Bus: probed
[    2.007321] tun: Universal TUN/TAP device driver, 1.6
[    2.010773] tun: (C) 1999-2004 Max Krasnyansky <maxk@qualcomm.com>
[    2.013690] PPP generic driver version 2.4.2
[    2.015911] ehci_hcd: USB 2.0 'Enhanced' Host Controller (EHCI) Driver
[    2.019350] ehci-pci: EHCI PCI platform driver
[    2.021444] ehci-platform: EHCI generic platform driver
[    2.023776] ohci_hcd: USB 1.1 'Open' Host Controller (OHCI) Driver
[    2.026820] ohci-pci: OHCI PCI platform driver
[    2.029120] ohci-platform: OHCI generic platform driver
[    2.031470] uhci_hcd: USB Universal Host Controller Interface driver
[    2.034338] i8042: PNP: PS/2 Controller [PNP0303:PS2K,PNP0f03:PS2M] at 0x60,0x64 irq 1,12
[    2.042967] serio: i8042 KBD port at 0x60,0x64 irq 1
[    2.046047] serio: i8042 AUX port at 0x60,0x64 irq 12
[    2.049047] mousedev: PS/2 mouse device common for all mice
[    2.131091] rtc_cmos rtc_cmos: rtc core: registered rtc_cmos as rtc0
[    2.134678] rtc_cmos rtc_cmos: alarms up to one day, 114 bytes nvram
[    2.141274] i2c /dev entries driver
[    2.144699] device-mapper: uevent: version 1.0.3
[    2.144764] input: AT Translated Set 2 keyboard as /devices/platform/i8042/serio0/input/input2
[    2.156583] device-mapper: ioctl: 4.34.0-ioctl (2015-10-28) initialised: dm-devel@redhat.com
[    2.162116] ledtrig-cpu: registered to indicate activity on CPUs
[    2.166706] NET: Registered protocol family 10
[    2.171466] NET: Registered protocol family 17
[    2.175689] Key type dns_resolver registered
[    2.179189] registered taskstats version 1
[    2.181793] Loading compiled-in X.509 certificates
[    2.187322] Loaded X.509 cert 'Build time autogenerated kernel key: f0e56e97f406068ace47a9bf54316e9855aaaa43'
[    2.192593] zswap: loaded using pool lzo/zbud
[    2.199105] Key type trusted registered
[    2.210932] Key type encrypted registered
[    2.213454] AppArmor: AppArmor sha1 policy hashing enabled
[    2.216805] ima: No TPM chip found, activating TPM-bypass!
[    2.223013] ima: Allocated hash algorithm: sha1
[    2.226047] evm: HMAC attrs: 0x1
[    2.228928]   Magic number: 15:58:488
[    2.231261] regulator regulator.0: hash matches
[    2.234699] rtc_cmos rtc_cmos: setting system clock to 2019-12-20 15:28:14 UTC (1576855694)
[    2.242746] BIOS EDD facility v0.16 2004-Jun-25, 0 devices found
[    2.245864] EDD information not available.
[    2.250355] Freeing unused kernel memory: 1488K
[    2.253482] Write protecting the kernel read-only data: 14336k
[    2.260702] Freeing unused kernel memory: 1604K
[    2.263738] Freeing unused kernel memory: 60K
Loading, please wait...
starting version 229
[    2.299114] random: systemd-udevd: uninitialized urandom read (16 bytes read, 5 bits of entropy available)
[    2.300416] random: udevadm: uninitialized urandom read (16 bytes read, 5 bits of entropy available)
[    2.300471] random: udevadm: uninitialized urandom read (16 bytes read, 5 bits of entropy available)
[    2.321451] random: systemd-udevd: uninitialized urandom read (16 bytes read, 5 bits of entropy available)
[    2.324674] random: udevadm: uninitialized urandom read (16 bytes read, 5 bits of entropy available)
[    2.324785] random: udevadm: uninitialized urandom read (16 bytes read, 5 bits of entropy available)
[    2.325189] random: udevadm: uninitialized urandom read (16 bytes read, 5 bits of entropy available)
[    2.325295] random: udevadm: uninitialized urandom read (16 bytes read, 5 bits of entropy available)
[    2.325502] random: udevadm: uninitialized urandom read (16 bytes read, 5 bits of entropy available)
[    2.325688] random: udevadm: uninitialized urandom read (16 bytes read, 5 bits of entropy available)
[    2.458442] e1000: Intel(R) PRO/1000 Network Driver - version 7.3.21-k8-NAPI
[    2.462922] e1000: Copyright (c) 1999-2006 Intel Corporation.
[    2.467255] Fusion MPT base driver 3.04.20
[    2.473490] Copyright (c) 1999-2008 LSI Corporation
[    2.505320] AVX2 version of gcm_enc/dec engaged.
[    2.507925] AES CTR mode by8 optimization enabled
[    2.554331] Fusion MPT SPI Host driver 3.04.20
[    2.699822] input: ImExPS/2 Generic Explorer Mouse as /devices/platform/i8042/serio1/input/input4
[    3.071816] e1000 0000:00:03.0 eth0: (PCI:33MHz:32-bit) 02:3a:f4:24:e2:72
[    3.075293] e1000 0000:00:03.0 eth0: Intel(R) PRO/1000 Network Connection
[    3.080978] mptbase: ioc0: Initiating bringup
[    3.082185] e1000 0000:00:03.0 enp0s3: renamed from eth0
[    3.158316] ioc0: LSI53C1030 A0: Capabilities={Initiator}
[    3.325370] scsi host2: ioc0: LSI53C1030 A0, FwRev=00000000h, Ports=1, MaxQ=256, IRQ=20
[    3.443537] scsi 2:0:0:0: Direct-Access     VBOX     HARDDISK         1.0  PQ: 0 ANSI: 5
[    3.447434] scsi target2:0:0: Beginning Domain Validation
[    3.454096] scsi target2:0:0: Domain Validation skipping write tests
[    3.458110] scsi target2:0:0: Ending Domain Validation
[    3.461275] scsi target2:0:0: asynchronous
[    3.464319] scsi 2:0:1:0: Direct-Access     VBOX     HARDDISK         1.0  PQ: 0 ANSI: 5
[    3.469058] scsi target2:0:1: Beginning Domain Validation
[    3.476135] scsi target2:0:1: Domain Validation skipping write tests
[    3.479263] scsi target2:0:1: Ending Domain Validation
[    3.515064] scsi target2:0:1: asynchronous
[    3.533286] sd 2:0:0:0: Attached scsi generic sg0 type 0
[    3.537983] sd 2:0:0:0: [sda] 20971520 512-byte logical blocks: (10.7 GB/10.0 GiB)
[    3.541059] sd 2:0:1:0: Attached scsi generic sg1 type 0
[    3.546688] sd 2:0:1:0: [sdb] 20480 512-byte logical blocks: (10.5 MB/10.0 MiB)
[    3.546744] sd 2:0:0:0: [sda] Write Protect is off
[    3.546928] sd 2:0:0:0: [sda] Incomplete mode parameter data
[    3.546930] sd 2:0:0:0: [sda] Assuming drive cache: write through
[    3.562405] sd 2:0:1:0: [sdb] Write Protect is off
[    3.564822] sd 2:0:1:0: [sdb] Incomplete mode parameter data
[    3.567631] sd 2:0:1:0: [sdb] Assuming drive cache: write through
[    3.615187]  sda: sda1
[    3.619172] sd 2:0:0:0: [sda] Attached SCSI disk
[    3.866937] sd 2:0:1:0: [sdb] Attached SCSI disk
Begin: Loading essential drivers ... [    6.382598] md: linear personality registered for level -1
[    6.392437] md: multipath personality registered for level -4
[    6.400393] md: raid0 personality registered for level 0
[    6.412885] md: raid1 personality registered for level 1
[    6.489986] raid6: sse2x1   gen()  4428 MB/s
[    6.557741] raid6: sse2x1   xor()  4028 MB/s
[    6.625500] raid6: sse2x2   gen()  5233 MB/s
[    6.693673] raid6: sse2x2   xor()  3446 MB/s
[    6.761711] raid6: sse2x4   gen()  4066 MB/s
[    6.829525] raid6: sse2x4   xor()  3260 MB/s
[    6.897835] raid6: avx2x1   gen()  5585 MB/s
[    6.966153] raid6: avx2x2   gen()  9390 MB/s
[    7.033547] raid6: avx2x4   gen() 11209 MB/s
[    7.038086] raid6: using algorithm avx2x4 gen() 11209 MB/s
[    7.041079] raid6: using avx2x2 recovery algorithm
[    7.046601] xor: automatically using best checksumming function:
[    7.093624]    avx       : 12206.000 MB/sec
[    7.100494] async_tx: api initialized (async)
[    7.124463] md: raid6 personality registered for level 6
[    7.127585] md: raid5 personality registered for level 5
[    7.130573] md: raid4 personality registered for level 4
[    7.148300] md: raid10 personality registered for level 10
done.
Begin: Running /scripts/init-premount ... done.
Begin: Mounting root file system ... Begin: Running /scripts/local-top ... done.
Begin: Running /scripts/local-premount ... [    7.217889] Btrfs loaded
Scanning for Btrfs filesystems
done.
Warning: fsck not present, so skipping root file system
[    7.338507] EXT4-fs (sda1): mounted filesystem with ordered data mode. Opts: (null)
done.
Begin: Running /scripts/local-bottom ... done.
Begin: Running /scripts/init-bottom ... done.
[    8.054656] random: nonblocking pool is initialized
[    8.579076] systemd[1]: systemd 229 running in system mode. (+PAM +AUDIT +SELINUX +IMA +APPARMOR +SMACK +SYSVINIT +UTMP +LIBCRYPTSETUP +GCRYPT +GNUTLS +ACL +XZ -LZ4 +SECCOMP +BLKID +ELFUTILS +KMOD -IDN)
[    8.586342] systemd[1]: Detected virtualization oracle.
[    8.588499] systemd[1]: Detected architecture x86-64.

Welcome to [1mUbuntu 16.04.6 LTS[0m!

[    8.677412] systemd[1]: Set hostname to <ubuntu-xenial>.
[   10.059439] systemd[1]: Started Trigger resolvconf update for networkd DNS.
[[0;32m  OK  [0m] Started Trigger resolvconf update for networkd DNS.
[   10.069796] systemd[1]: Listening on Device-mapper event daemon FIFOs.
[[0;32m  OK  [0m] Listening on Device-mapper event daemon FIFOs.
[   10.074310] systemd[1]: Listening on Journal Socket.
[[0;32m  OK  [0m] Listening on Journal Socket.
[   10.086140] systemd[1]: Listening on Journal Audit Socket.
[[0;32m  OK  [0m] Listening on Journal Audit Socket.
[   10.090599] systemd[1]: Set up automount Arbitrary Executable File Formats File System Automount Point.
[[0;32m  OK  [0m] Set up automount Arbitrary Executab...ats File System Automount Point.
[   10.102326] systemd[1]: Reached target System Time Synchronized.
[[0;32m  OK  [0m] Reached target System Time Synchronized.
[   10.107422] systemd[1]: Listening on LVM2 metadata daemon socket.
[[0;32m  OK  [0m] Listening on LVM2 metadata daemon socket.
[   10.112425] systemd[1]: Created slice User and Session Slice.
[[0;32m  OK  [0m] Created slice User and Session Slice.
[   10.117319] systemd[1]: Listening on Journal Socket (/dev/log).
[[0;32m  OK  [0m] Listening on Journal Socket (/dev/log).
[   10.123131] systemd[1]: Reached target User and Group Name Lookups.
[[0;32m  OK  [0m] Reached target User and Group Name Lookups.
[   10.127698] systemd[1]: Listening on LVM2 poll daemon socket.
[[0;32m  OK  [0m] Listening on LVM2 poll daemon socket.
[   10.138379] systemd[1]: Listening on udev Kernel Socket.
[[0;32m  OK  [0m] Listening on udev Kernel Socket.
[   10.142621] systemd[1]: Created slice System Slice.
[[0;32m  OK  [0m] Created slice System Slice.
[   10.154594] systemd[1]: Created slice system-serial\x2dgetty.slice.
[[0;32m  OK  [0m] Created slice system-serial\x2dgetty.slice.
[   10.159605] systemd[1]: Reached target Slices.
[[0;32m  OK  [0m] Reached target Slices.
[   10.174379] systemd[1]: Starting Monitoring of LVM2 mirrors, snapshots etc. using dmeventd or progress polling...
         Starting Monitoring of LVM2 mirrors... dmeventd or progress polling...
[   10.187163] systemd[1]: Created slice system-postgresql.slice.
[[0;32m  OK  [0m] Created slice system-postgresql.slice.
[   10.193353] systemd[1]: Starting Uncomplicated firewall...
         Starting Uncomplicated firewall...
[   10.199184] systemd[1]: Starting Create list of required static device nodes for the current kernel...
         Starting Create list of required st... nodes for the current kernel...
[   10.222778] systemd[1]: Starting Set console keymap...
         Starting Set console keymap...
[   10.228431] systemd[1]: Mounting Huge Pages File System...
         Mounting Huge Pages File System...
[   10.234477] systemd[1]: Listening on udev Control Socket.
[[0;32m  OK  [0m] Listening on udev Control Socket.
[   10.241386] systemd[1]: Mounting POSIX Message Queue File System...
         Mounting POSIX Message Queue File System...
[   10.260156] systemd[1]: Starting Nameserver information manager...
         Starting Nameserver information manager...
[   10.265383] systemd[1]: Listening on /dev/initctl Compatibility Named Pipe.
[[0;32m  OK  [0m] Listening on /dev/initctl Compatibility Named Pipe.
[   10.271430] systemd[1]: Reached target Encrypted Volumes.
[[0;32m  OK  [0m] Reached target Encrypted Volumes.
[   10.276222] systemd[1]: Mounting Debug File System...
         Mounting Debug File System...
[   10.295431] systemd[1]: Starting Remount Root and Kernel File Systems...
         Starting Remount Root and Kernel File Systems...
[   10.330189] systemd[1]: Starting Load Kernel Modules...
         Starting Load Kernel Modules...
[   10.336517] systemd[1]: Started Forward Password Requests to Wall Directory Watch.
[[0;32m  OK  [0m] Started Forward Password Requests to Wall Directory Watch.
[   10.344947] systemd[1]: Listening on Syslog Socket.
[[0;32m  OK  [0m] Listening on Syslog Socket.
[   10.355706] systemd[1]: Starting Journal Service...
[   10.357069] EXT4-fs (sda1): re-mounted. Opts: (null)
         Starting Journal Service...
[   10.367787] systemd[1]: Reached target Swap.
[[0;32m  OK  [0m] Reached target Swap.
[   10.387614] systemd[1]: Mounted POSIX Message Queue File System.
[[0;32m  OK  [0m] Mounted POSIX Message Queue File System.
[   10.393343] systemd[1]: Mounted Debug File System.
[[0;32m  OK  [0m] Mounted Debug File System.
[   10.398908] systemd[1]: Mounted Huge Pages File System.
[[0;32m  OK  [0m] Mounted Huge Pages File System.
[   10.404938] systemd[1]: Started Uncomplicated firewall.
[[0;32m  OK  [0m] Started Uncomplicated firewall.
[   10.411382] systemd[1]: Started Create list of required static device nodes for the current kernel.
[[0;32m  OK  [0m] Started Create list of required sta...ce nodes for the current kernel.
[   10.433756] systemd[1]: Started Remount Root and Kernel File Systems.
[[0;32m  OK  [0m] Started Remount Root and Kernel File Systems.
[   10.469971] systemd[1]: Started Nameserver information manager.
[[0;32m  OK  [0m] Started Nameserver information manager.
[   10.564864] Loading iSCSI transport class v2.0-870.
[   10.598197] systemd[1]: Started LVM2 metadata daemon.
[[0;32m  OK  [0m] Started LVM2 metadata daemon.
[   10.620285] systemd[1]: Starting udev Coldplug all Devices...
         Starting udev Coldplug all Devices...
[   10.627645] iscsi: registered transport (tcp)
[   10.628293] systemd[1]: Starting Load/Save Random Seed...
         Starting Load/Save Random Seed...
[   10.636785] systemd[1]: Starting Create Static Device Nodes in /dev...
         Starting Create Static Device Nodes in /dev...
[   10.680023] systemd[1]: Started Set console keymap.
[[0;32m  OK  [0m] Started Set console keymap.
[   10.701922] systemd[1]: Started Journal Service.
[[0;32m  OK  [0m] Started Journal Service.
         Starting Flush Journal to Persistent Storage...
[[0;32m  OK  [0m] Started Load/Save Random Seed.
[   10.756088] systemd-journald[407]: Received request to flush runtime journal from PID 1
[[0;32m  OK  [0m] Started Flush Journal to Persistent Storage.
[[0;32m  OK  [0m] Started udev Coldplug all Devices.
[   10.889945] iscsi: registered transport (iser)
[[0;32m  OK  [0m] Started Load Kernel Modules.
         Starting Apply Kernel Variables...
         Mounting FUSE Control File System...
[[0;32m  OK  [0m] Mounted FUSE Control File System.
[[0;32m  OK  [0m] Started Create Static Device Nodes in /dev.
[[0;32m  OK  [0m] Started Apply Kernel Variables.
         Starting udev Kernel Device Manager...
[[0;32m  OK  [0m] Started Monitoring of LVM2 mirrors,...ng dmeventd or progress polling.
[[0;32m  OK  [0m] Reached target Local File Systems (Pre).
[[0;32m  OK  [0m] Reached target Local File Systems.
         Starting Create Volatile Files and Directories...
         Starting Set console font and keymap...
         Starting Initial cloud-init job (pre-networking)...
         Starting LSB: AppArmor initialization...
         Starting Tell Plymouth To Write Out Runtime Data...
[[0;32m  OK  [0m] Started Tell Plymouth To Write Out Runtime Data.
[[0;32m  OK  [0m] Started udev Kernel Device Manager.
[[0;32m  OK  [0m] Started Dispatch Password Requests to Console Directory Watch.
[[0;32m  OK  [0m] Started Create Volatile Files and Directories.
         Starting Update UTMP about System Boot/Shutdown...
[[0;32m  OK  [0m] Started Update UTMP about System Boot/Shutdown.
[[0;32m  OK  [0m] Found device /dev/ttyS0.
[[0;32m  OK  [0m] Listening on Load/Save RF Kill Switch Status /dev/rfkill Watch.
[[0;32m  OK  [0m] Found device 82540EM Gigabit Ethern...r (PRO/1000 MT Desktop Adapter).
[[0;32m  OK  [0m] Started LSB: AppArmor initialization.
[[0;32m  OK  [0m] Started Set console font and keymap.
[[0;32m  OK  [0m] Created slice system-getty.slice.
[   17.139475] cloud-init[487]: Cloud-init v. 18.5-45-g3554ffe8-0ubuntu1~16.04.1 running 'init-local' at Fri, 20 Dec 2019 15:28:28 +0000. Up 16.06 seconds.
[[0;32m  OK  [0m] Started Initial cloud-init job (pre-networking).
[[0;32m  OK  [0m] Reached target Network (Pre).
[[0;32m  OK  [0m] Started ifup for enp0s3.
         Starting Raise network interfaces...
[[0;32m  OK  [0m] Started Raise network interfaces.
[[0;32m  OK  [0m] Reached target Network.
         Starting Initial cloud-init job (metadata service crawler)...
[   20.233222] cloud-init[985]: Cloud-init v. 18.5-45-g3554ffe8-0ubuntu1~16.04.1 running 'init' at Fri, 20 Dec 2019 15:28:31 +0000. Up 18.80 seconds.
[   20.238183] cloud-init[985]: ci-info: ++++++++++++++++++++++++++++++++++++++Net device info++++++++++++++++++++++++++++++++++++++
[   20.242564] cloud-init[985]: ci-info: +--------+------+----------------------------+---------------+--------+-------------------+
[   20.247062] cloud-init[985]: ci-info: | Device |  Up  |          Address           |      Mask     | Scope  |     Hw-Address    |
[   20.251901] cloud-init[985]: ci-info: +--------+------+----------------------------+---------------+--------+-------------------+
[   20.256316] cloud-init[985]: ci-info: | enp0s3 | True |         10.0.2.15          | 255.255.255.0 | global | 02:3a:f4:24:e2:72 |
[   20.260655] cloud-init[985]: ci-info: | enp0s3 | True | fe80::3a:f4ff:fe24:e272/64 |       .       |  link  | 02:3a:f4:24:e2:72 |
[   20.273102] cloud-init[985]: ci-info: |   lo   | True |         127.0.0.1          |   255.0.0.0   |  host  |         .         |
[   20.278293] cloud-init[985]: ci-info: |   lo   | True |          ::1/128           |       .       |  host  |         .         |
[   20.284339] cloud-init[985]: ci-info: +--------+------+----------------------------+---------------+--------+-------------------+
[   20.288615] cloud-init[985]: ci-info: +++++++++++++++++++++++++++Route IPv4 info++++++++++++++++++++++++++++
[   20.296978] cloud-init[985]: ci-info: +-------+-------------+----------+---------------+-----------+-------+
[   20.301002] cloud-init[985]: ci-info: | Route | Destination | Gateway  |    Genmask    | Interface | Flags |
[   20.305748] cloud-init[985]: ci-info: +-------+-------------+----------+---------------+-----------+-------+
[   20.310380] cloud-init[985]: ci-info: |   0   |   0.0.0.0   | 10.0.2.2 |    0.0.0.0    |   enp0s3  |   UG  |
[   20.316677] cloud-init[985]: ci-info: |   1   |   10.0.2.0  | 0.0.0.0  | 255.255.255.0 |   enp0s3  |   U   |
[   20.325138] cloud-init[985]: ci-info: +-------+-------------+----------+---------------+-----------+-------+
[   20.332508] cloud-init[985]: ci-info: +++++++++++++++++++Route IPv6 info+++++++++++++++++++
[   20.335134] cloud-init[985]: ci-info: +-------+-------------+---------+-----------+-------+
[   20.341314] cloud-init[985]: ci-info: | Route | Destination | Gateway | Interface | Flags |
[   20.349130] cloud-init[985]: ci-info: +-------+-------------+---------+-----------+-------+
[   20.353289] cloud-init[985]: ci-info: |   0   |  fe80::/64  |    ::   |   enp0s3  |   U   |
[   20.365562] cloud-init[985]: ci-info: |   4   |   ff00::/8  |    ::   |   enp0s3  |   U   |
[   20.368926] cloud-init[985]: ci-info: +-------+-------------+---------+-----------+-------+
[[0;32m  OK  [0m] Started Initial cloud-init job (metadata service crawler).
[[0;32m  OK  [0m] Reached target Cloud-config availability.
[[0;32m  OK  [0m] Reached target Network is Online.
         Starting iSCSI initiator daemon (iscsid)...
[[0;32m  OK  [0m] Reached target System Initialization.
[[0;32m  OK  [0m] Started Daily Cleanup of Temporary Directories.
[[0;32m  OK  [0m] Listening on ACPID Listen Socket.
[[0;32m  OK  [0m] Started ACPI Events Check.
[[0;32m  OK  [0m] Reached target Paths.
[[0;32m  OK  [0m] Listening on UUID daemon activation socket.
[[0;32m  OK  [0m] Listening on D-Bus System Message Bus Socket.
         Starting LXD - unix socket.
[[0;32m  OK  [0m] Started Daily apt download activities.
         Starting Socket activation for snappy daemon.
[[0;32m  OK  [0m] Started Daily apt upgrade and clean activities.
[[0;32m  OK  [0m] Reached target Timers.
[[0;32m  OK  [0m] Listening on LXD - unix socket.
[[0;32m  OK  [0m] Listening on Socket activation for snappy daemon.
[[0;32m  OK  [0m] Started iSCSI initiator daemon (iscsid).
         Starting Login to default iSCSI targets...
[[0;32m  OK  [0m] Reached target Sockets.
[[0;32m  OK  [0m] Reached target Basic System.
         Starting /etc/rc.local Compatibility...
[[0;32m  OK  [0m] Started Regular background program processing daemon.
[[0;32m  OK  [0m] Started Unattended Upgrades Shutdown.
[[0;32m  OK  [0m] Started D-Bus System Message Bus.
         Starting Accounts Service...
[[0;32m  OK  [0m] Started ACPI event daemon.
         Starting LSB: MD monitoring daemon...
         Starting Virtualbox guest utils...
         Starting PostgreSQL Cluster 9.5-main...
[[0;32m  OK  [0m] Started FUSE filesystem for LXC.
         Starting System Logging Service...
         Starting LSB: Record successful boot for GRUB...
[[0;32m  OK  [0m] Started Deferred execution scheduler.
         Starting Login Service...
         Starting Snappy daemon...
         Starting OpenBSD Secure Shell server...
         Starting LXD - container startup/shutdown...
[[0;32m  OK  [0m] Started /etc/rc.local Compatibility.
[[0;32m  OK  [0m] Started Login Service.
[[0;32m  OK  [0m] Started Login to default iSCSI targets.
[[0;32m  OK  [0m] Reached target Remote File Systems (Pre).
[[0;32m  OK  [0m] Reached target Remote File Systems.
         Starting LSB: Set the CPU Frequency Scaling governor to "ondemand"...
         Starting LSB: daemon to balance interrupts for SMP systems...
         Starting LSB: automatic crash report generation...
         Starting LSB: Start/stop sysstat's sadc...
         Starting Permit User Sessions...
[[0;32m  OK  [0m] Started LSB: Record successful boot for GRUB.
[[0;32m  OK  [0m] Started Permit User Sessions.
         Starting Terminate Plymouth Boot Screen...
         Starting Hold until boot process finishes up...
[[0;32m  OK  [0m] Started LSB: Set the CPU Frequency Scaling governor to "ondemand".
[[0;32m  OK  [0m] Started Terminate Plymouth Boot Screen.
[[0;32m  OK  [0m] Started Hold until boot process finishes up.
[[0;32m  OK  [0m] Started System Logging Service.
[[0;32m  OK  [0m] Started Getty on tty1.
[[0;32m  OK  [0m] Started Serial Getty on ttyS0.
[[0;32m  OK  [0m] Reached target Login Prompts.
         Starting Set console scheme...
[[0;32m  OK  [0m] Started LSB: Start/stop sysstat's sadc.
[[0;32m  OK  [0m] Started Set console scheme.
[[0;32m  OK  [0m] Started LSB: automatic crash report generation.
[[0;32m  OK  [0m] Started LSB: daemon to balance interrupts for SMP systems.
[[0;32m  OK  [0m] Started LSB: MD monitoring daemon.
[[0;32m  OK  [0m] Started Virtualbox guest utils.
         Starting Authenticate and Authorize Users to Run Privileged Tasks...
[[0;32m  OK  [0m] Started OpenBSD Secure Shell server.
[[0;32m  OK  [0m] Started Authenticate and Authorize Users to Run Privileged Tasks.
[[0;32m  OK  [0m] Started Accounts Service.
[[0;32m  OK  [0m] Created slice User Slice of vagrant.
         Starting User Manager for UID 1000...
[[0;32m  OK  [0m] Started Session 1 of user vagrant.
[[0;32m  OK  [0m] Started User Manager for UID 1000.
[[0;32m  OK  [0m] Started Snappy daemon.
         Starting Wait until snapd is fully seeded...
[[0;32m  OK  [0m] Started LXD - container startup/shutdown.
[[0;32m  OK  [0m] Started Wait until snapd is fully seeded.
         Starting Apply the settings specified in cloud-config...
[   25.718419] cloud-init[1271]: Cloud-init v. 18.5-45-g3554ffe8-0ubuntu1~16.04.1 running 'modules:config' at Fri, 20 Dec 2019 15:28:37 +0000. Up 25.05 seconds.
[[0;32m  OK  [0m] Started Apply the settings specified in cloud-config.

Ubuntu 16.04.6 LTS ubuntu-xenial ttyS0

ubuntu-xenial login: [   29.682347] cloud-init[1358]: Cloud-init v. 18.5-45-g3554ffe8-0ubuntu1~16.04.1 running 'modules:final' at Fri, 20 Dec 2019 15:28:42 +0000. Up 29.32 seconds.
[   29.682754] cloud-init[1358]: Cloud-init v. 18.5-45-g3554ffe8-0ubuntu1~16.04.1 finished at Fri, 20 Dec 2019 15:28:42 +0000. Datasource DataSourceNoCloud [seed=/dev/sdb][dsmode=net].  Up 29.66 seconds
         Stopping Session 16 of user vagrant.
[[0;32m  OK  [0m] Closed Load/Save RF Kill Switch Status /dev/rfkill Watch.
[[0;32m  OK  [0m] Stopped target Graphical Interface.
         Stopping Accounts Service...
         Stopping User Manager for UID 1000...
         Stopping ACPI event daemon...
         Stopping Authenticate and Authorize Users to Run Privileged Tasks...
[[0;32m  OK  [0m] Stopped target Cloud-init target.
[[0;32m  OK  [0m] Stopped Execute cloud user/final scripts.
[[0;32m  OK  [0m] Stopped target Multi-User System.
         Stopping OpenBSD Secure Shell server...
         Stopping Unattended Upgrades Shutdown...
         Stopping Deferred execution scheduler...
         Stopping LSB: Record successful boot for GRUB...
         Stopping Virtualbox guest utils...
         Stopping LSB: Start/stop sysstat's sadc...
         Stopping LXD - container startup/shutdown...
         Stopping D-Bus System Message Bus...
         Stopping System Logging Service...
         Stopping LSB: daemon to balance interrupts for SMP systems...
         Stopping LSB: automatic crash report generation...
         Stopping LSB: MD monitoring daemon...
         Stopping Regular background program processing daemon...
[[0;32m  OK  [0m] Stopped PostgreSQL RDBMS.
         Stopping FUSE filesystem for LXC...
[[0;32m  OK  [0m] Stopped Apply the settings specified in cloud-config.
[[0;32m  OK  [0m] Stopped target Cloud-config availability.
[[0;32m  OK  [0m] Stopped Wait until snapd is fully seeded.
[[0;32m  OK  [0m] Stopped target Timers.
[[0;32m  OK  [0m] Stopped Daily apt upgrade and clean activities.
[[0;32m  OK  [0m] Stopped Daily apt download activities.
[[0;32m  OK  [0m] Stopped target System Time Synchronized.
[[0;32m  OK  [0m] Stopped Daily Cleanup of Temporary Directories.
         Stopping PostgreSQL Cluster 9.5-main...
[[0;32m  OK  [0m] Stopped target Login Prompts.
         Stopping Getty on tty1...
         Stopping Serial Getty on ttyS0...
         Stopping LSB: Set the CPU Frequency Scaling governor to "ondemand"...
[[0;32m  OK  [0m] Unmounted /var/lib/lxcfs.
[[0;32m  OK  [0m] Stopped Regular background program processing daemon.
[[0;32m  OK  [0m] Stopped Accounts Service.
[[0;32m  OK  [0m] Stopped ACPI event daemon.
[[0;32m  OK  [0m] Stopped System Logging Service.
[[0;32m  OK  [0m] Stopped Deferred execution scheduler.
[[0;32m  OK  [0m] Stopped Getty on tty1.
[[0;32m  OK  [0m] Stopped Serial Getty on ttyS0.
[[0;32m  OK  [0m] Stopped Authenticate and Authorize Users to Run Privileged Tasks.
[[0;32m  OK  [0m] Stopped OpenBSD Secure Shell server.
[[0;32m  OK  [0m] Stopped User Manager for UID 1000.
[[0;32m  OK  [0m] Stopped Session 16 of user vagrant.
[[0;32m  OK  [0m] Stopped D-Bus System Message Bus.
[[0;32m  OK  [0m] Stopped FUSE filesystem for LXC.
[[0;32m  OK  [0m] Stopped LSB: Record successful boot for GRUB.
[[0;32m  OK  [0m] Stopped Unattended Upgrades Shutdown.
[[0;32m  OK  [0m] Stopped LSB: Start/stop sysstat's sadc.
[[0;32m  OK  [0m] Stopped LXD - container startup/shutdown.
[[0;32m  OK  [0m] Stopped LSB: MD monitoring daemon.
[[0;32m  OK  [0m] Stopped Virtualbox guest utils.
[[0;32m  OK  [0m] Stopped LSB: daemon to balance interrupts for SMP systems.
[[0;32m  OK  [0m] Stopped LSB: Set the CPU Frequency Scaling governor to "ondemand".
[[0;32m  OK  [0m] Stopped LSB: automatic crash report generation.
[[0;32m  OK  [0m] Removed slice User Slice of vagrant.
         Stopping Login Service...
[[0;32m  OK  [0m] Removed slice system-serial\x2dgetty.slice.
[[0;32m  OK  [0m] Stopped /etc/rc.local Compatibility.
[[0;32m  OK  [0m] Removed slice system-getty.slice.
         Stopping Permit User Sessions...
[[0;32m  OK  [0m] Stopped Permit User Sessions.
[[0;32m  OK  [0m] Stopped target Remote File Systems.
[[0;32m  OK  [0m] Stopped target Remote File Systems (Pre).
         Stopping Login to default iSCSI targets...
[[0;32m  OK  [0m] Stopped Login Service.
[[0;32m  OK  [0m] Stopped target User and Group Name Lookups.
[[0;32m  OK  [0m] Stopped Login to default iSCSI targets.
         Stopping iSCSI initiator daemon (iscsid)...
[[0;32m  OK  [0m] Stopped iSCSI initiator daemon (iscsid).
[[0;32m  OK  [0m] Stopped target Network is Online.
[[0;32m  OK  [0m] Stopped target Network.
[[0;32m  OK  [0m] Stopped PostgreSQL Cluster 9.5-main.
[[0;32m  OK  [0m] Removed slice system-postgresql.slice.
[[0;32m  OK  [0m] Stopped target Basic System.
[[0;32m  OK  [0m] Stopped target Paths.
[[0;32m  OK  [0m] Stopped Dispatch Password Requests to Console Directory Watch.
[[0;32m  OK  [0m] Stopped ACPI Events Check.
[[0;32m  OK  [0m] Stopped Forward Password Requests to Wall Directory Watch.
[[0;32m  OK  [0m] Stopped target Slices.
[[0;32m  OK  [0m] Removed slice User and Session Slice.
[[0;32m  OK  [0m] Stopped target Sockets.
[[0;32m  OK  [0m] Closed LXD - unix socket.
[[0;32m  OK  [0m] Closed Socket activation for snappy daemon.
[[0;32m  OK  [0m] Closed UUID daemon activation socket.
[[0;32m  OK  [0m] Closed Syslog Socket.
[[0;32m  OK  [0m] Closed ACPID Listen Socket.
[[0;32m  OK  [0m] Closed D-Bus System Message Bus Socket.
[[0;32m  OK  [0m] Stopped target System Initialization.
[[0;32m  OK  [0m] Stopped Initial cloud-init job (metadata service crawler).
         Stopping Raise network interfaces...
[[0;32m  OK  [0m] Stopped target Encrypted Volumes.
         Stopping Load/Save Random Seed...
         Stopping Update UTMP about System Boot/Shutdown...
[[0;32m  OK  [0m] Stopped target Swap.
[[0;32m  OK  [0m] Stopped Load/Save Random Seed.
[[0;32m  OK  [0m] Stopped Update UTMP about System Boot/Shutdown.
[[0;32m  OK  [0m] Stopped Create Volatile Files and Directories.
[[0;32m  OK  [0m] Stopped Raise network interfaces.
[[0;32m  OK  [0m] Stopped target Local File Systems.
         Unmounting /run/user/1000...
         Unmounting /vagrant...
[[0;32m  OK  [0m] Stopped target Network (Pre).
[[0;32m  OK  [0m] Stopped Initial cloud-init job (pre-networking).
[[0;32m  OK  [0m] Stopped Apply Kernel Variables.
[[0;32m  OK  [0m] Stopped Load Kernel Modules.
[[0;32m  OK  [0m] Unmounted /run/user/1000.
[[0;32m  OK  [0m] Unmounted /vagrant.
[[0;32m  OK  [0m] Reached target Unmount All Filesystems.
[[0;32m  OK  [0m] Stopped target Local File Systems (Pre).
         Stopping Monitoring of LVM2 mirrors... dmeventd or progress polling...
[[0;32m  OK  [0m] Stopped Create Static Device Nodes in /dev.
[[0;32m  OK  [0m] Stopped Remount Root and Kernel File Systems.
[[0;32m  OK  [0m] Reached target Shutdown.
[ 6874.322780] reboot: Power down
